#
# There is insufficient memory for the Java Runtime Environment to continue.
# Native memory allocation (malloc) failed to allocate 1528704 bytes for Chunk::new
# Possible reasons:
#   The system is out of physical RAM or swap space
#   The process is running with CompressedOops enabled, and the Java Heap may be blocking the growth of the native heap
# Possible solutions:
#   Reduce memory load on the system
#   Increase physical memory or swap space
#   Check if swap backing store is full
#   Decrease Java heap size (-Xmx/-Xms)
#   Decrease number of Java threads
#   Decrease Java thread stack sizes (-Xss)
#   Set larger code cache with -XX:ReservedCodeCacheSize=
#   JVM is running with Unscaled Compressed Oops mode in which the Java heap is
#     placed in the first 4GB address space. The Java Heap base address is the
#     maximum limit for the native heap growth. Please use -XX:HeapBaseMinAddress
#     to set the Java Heap base and to place the Java Heap above 4GB virtual address.
# This output file may be truncated or incomplete.
#
#  Out of Memory Error (allocation.cpp:389), pid=7196, tid=0x00000000000002ec
#
# JRE version: Java(TM) SE Runtime Environment (8.0_221-b11) (build 1.8.0_221-b11)
# Java VM: Java HotSpot(TM) 64-Bit Server VM (25.221-b11 mixed mode windows-amd64 compressed oops)
# Failed to write core dump. Minidumps are not enabled by default on client versions of Windows
#

---------------  T H R E A D  ---------------

Current thread (0x00000000143e0800):  JavaThread "C2 CompilerThread1" daemon [_thread_in_native, id=748, stack(0x0000000015b20000,0x0000000015c20000)]

Stack: [0x0000000015b20000,0x0000000015c20000]
[error occurred during error reporting (printing stack bounds), id 0xc0000005]

Native frames: (J=compiled Java code, j=interpreted, Vv=VM code, C=native code)


Current CompileTask:
C2: 326988 19519       4       com.android.tools.r8.t.a.a.f::a (4166 bytes)


---------------  P R O C E S S  ---------------

Java Threads: ( => current thread )
  0x000000001d958800 
[error occurred during error reporting (printing all threads), id 0xc0000005]

VM state:at safepoint (normal execution)

VM Mutex/Monitor currently owned by a thread:  ([mutex/lock_event])
[0x000000000160e3e0] Threads_lock - owner thread: 0x00000000143a7800
[0x000000000160d560] Heap_lock - owner thread: 0x000000001d95a000

heap address: 0x00000000e0000000, size: 512 MB, Compressed Oops mode: 32-bit
Narrow klass base: 0x0000000000000000, Narrow klass shift: 3
Compressed class space size: 1073741824 Address: 0x0000000100000000

Heap:
 PSYoungGen      total 116736K, used 58871K [0x00000000f5580000, 0x0000000100000000, 0x0000000100000000)
  eden space 58880K, 99% used [0x00000000f5580000,0x00000000f8efdd00,0x00000000f8f00000)
  from space 57856K, 0% used [0x00000000fc780000,0x00000000fc780000,0x0000000100000000)
  to   space 57856K, 0% used [0x00000000f8f00000,0x00000000f8f00000,0x00000000fc780000)
 ParOldGen       total 175104K, used 175092K [0x00000000e0000000, 0x00000000eab00000, 0x00000000f5580000)
  object space 175104K, 99% used [0x00000000e0000000,0x00000000eaafd068,0x00000000eab00000)
 Metaspace       used 96761K, capacity 102992K, committed 103384K, reserved 1138688K
  class space    used 13066K, capacity 14430K, committed 14552K, reserved 1048576K

Card table byte_map: [0x0000000012380000,0x0000000012490000] byte_map_base: 0x0000000011c80000

Marking Bits: (ParMarkBitMap*) 0x00000000740b5ce0
 Begin Bits: [0x0000000012940000, 0x0000000013140000)
 End Bits:   [0x0000000013140000, 0x0000000013940000)

Polling page: 0x00000000015c0000

CodeCache: size=245760Kb used=52339Kb max_used=52578Kb free=193420Kb
 bounds [0x0000000002fc0000, 0x00000000063a0000, 0x0000000011fc0000]
 total_blobs=16888 nmethods=15973 adapters=825
 compilation: enabled

Compilation events (10 events):
Event: 324.453 Thread 0x00000000143f4800 19548       2       java.util.concurrent.ScheduledThreadPoolExecutor$DelayedWorkQueue::finishPoll (44 bytes)
Event: 324.454 Thread 0x00000000143f4800 nmethod 19548 0x000000000343aa90 code [0x000000000343ac00, 0x000000000343ae68]
Event: 324.534 Thread 0x00000000143f4800 19549       2       java.util.concurrent.ScheduledThreadPoolExecutor$ScheduledFutureTask::setNextRunTime (38 bytes)
Event: 324.536 Thread 0x00000000143f4800 nmethod 19549 0x00000000034d8bd0 code [0x00000000034d8d40, 0x00000000034d8f88]
Event: 324.539 Thread 0x00000000143f4800 19550       2       java.util.concurrent.ScheduledThreadPoolExecutor::reExecutePeriodic (51 bytes)
Event: 324.541 Thread 0x00000000143f4800 nmethod 19550 0x00000000030db7d0 code [0x00000000030db960, 0x00000000030dbc88]
Event: 325.918 Thread 0x00000000143f4800 19552       2       com.android.tools.r8.graph.DexValue$d::<init> (7 bytes)
Event: 325.919 Thread 0x00000000143f4800 nmethod 19552 0x000000000316c210 code [0x000000000316c360, 0x000000000316c4d0]
Event: 325.924 Thread 0x00000000143f4800 19553       2       com.android.tools.r8.graph.x::a (32 bytes)
Event: 325.926 Thread 0x00000000143f4800 nmethod 19553 0x00000000034da050 code [0x00000000034da200, 0x00000000034da678]

GC Heap History (10 events):
Event: 320.433 GC heap after
Heap after GC invocations=47 (full 11):
 PSYoungGen      total 116736K, used 36026K [0x00000000f5580000, 0x0000000100000000, 0x0000000100000000)
  eden space 58880K, 61% used [0x00000000f5580000,0x00000000f78ae9a8,0x00000000f8f00000)
  from space 57856K, 0% used [0x00000000fc780000,0x00000000fc780000,0x0000000100000000)
  to   space 57856K, 0% used [0x00000000f8f00000,0x00000000f8f00000,0x00000000fc780000)
 ParOldGen       total 175104K, used 175095K [0x00000000e0000000, 0x00000000eab00000, 0x00000000f5580000)
  object space 175104K, 99% used [0x00000000e0000000,0x00000000eaafdc28,0x00000000eab00000)
 Metaspace       used 96756K, capacity 102992K, committed 103384K, reserved 1138688K
  class space    used 13066K, capacity 14430K, committed 14552K, reserved 1048576K
}
Event: 320.534 GC heap before
{Heap before GC invocations=48 (full 12):
 PSYoungGen      total 116736K, used 58880K [0x00000000f5580000, 0x0000000100000000, 0x0000000100000000)
  eden space 58880K, 100% used [0x00000000f5580000,0x00000000f8f00000,0x00000000f8f00000)
  from space 57856K, 0% used [0x00000000fc780000,0x00000000fc780000,0x0000000100000000)
  to   space 57856K, 0% used [0x00000000f8f00000,0x00000000f8f00000,0x00000000fc780000)
 ParOldGen       total 175104K, used 175095K [0x00000000e0000000, 0x00000000eab00000, 0x00000000f5580000)
  object space 175104K, 99% used [0x00000000e0000000,0x00000000eaafdc28,0x00000000eab00000)
 Metaspace       used 96756K, capacity 102992K, committed 103384K, reserved 1138688K
  class space    used 13066K, capacity 14430K, committed 14552K, reserved 1048576K
Event: 321.638 GC heap after
Heap after GC invocations=48 (full 12):
 PSYoungGen      total 116736K, used 39117K [0x00000000f5580000, 0x0000000100000000, 0x0000000100000000)
  eden space 58880K, 66% used [0x00000000f5580000,0x00000000f7bb3540,0x00000000f8f00000)
  from space 57856K, 0% used [0x00000000fc780000,0x00000000fc780000,0x0000000100000000)
  to   space 57856K, 0% used [0x00000000f8f00000,0x00000000f8f00000,0x00000000fc780000)
 ParOldGen       total 175104K, used 175093K [0x00000000e0000000, 0x00000000eab00000, 0x00000000f5580000)
  object space 175104K, 99% used [0x00000000e0000000,0x00000000eaafd6f8,0x00000000eab00000)
 Metaspace       used 96756K, capacity 102992K, committed 103384K, reserved 1138688K
  class space    used 13066K, capacity 14430K, committed 14552K, reserved 1048576K
}
Event: 321.727 GC heap before
{Heap before GC invocations=49 (full 13):
 PSYoungGen      total 116736K, used 58880K [0x00000000f5580000, 0x0000000100000000, 0x0000000100000000)
  eden space 58880K, 100% used [0x00000000f5580000,0x00000000f8f00000,0x00000000f8f00000)
  from space 57856K, 0% used [0x00000000fc780000,0x00000000fc780000,0x0000000100000000)
  to   space 57856K, 0% used [0x00000000f8f00000,0x00000000f8f00000,0x00000000fc780000)
 ParOldGen       total 175104K, used 175093K [0x00000000e0000000, 0x00000000eab00000, 0x00000000f5580000)
  object space 175104K, 99% used [0x00000000e0000000,0x00000000eaafd6f8,0x00000000eab00000)
 Metaspace       used 96757K, capacity 102992K, committed 103384K, reserved 1138688K
  class space    used 13066K, capacity 14430K, committed 14552K, reserved 1048576K
Event: 322.881 GC heap after
Heap after GC invocations=49 (full 13):
 PSYoungGen      total 116736K, used 42054K [0x00000000f5580000, 0x0000000100000000, 0x0000000100000000)
  eden space 58880K, 71% used [0x00000000f5580000,0x00000000f7e91930,0x00000000f8f00000)
  from space 57856K, 0% used [0x00000000fc780000,0x00000000fc780000,0x0000000100000000)
  to   space 57856K, 0% used [0x00000000f8f00000,0x00000000f8f00000,0x00000000fc780000)
 ParOldGen       total 175104K, used 175093K [0x00000000e0000000, 0x00000000eab00000, 0x00000000f5580000)
  object space 175104K, 99% used [0x00000000e0000000,0x00000000eaafd5d0,0x00000000eab00000)
 Metaspace       used 96757K, capacity 102992K, committed 103384K, reserved 1138688K
  class space    used 13066K, capacity 14430K, committed 14552K, reserved 1048576K
}
Event: 322.980 GC heap before
{Heap before GC invocations=50 (full 14):
 PSYoungGen      total 116736K, used 58877K [0x00000000f5580000, 0x0000000100000000, 0x0000000100000000)
  eden space 58880K, 99% used [0x00000000f5580000,0x00000000f8eff440,0x00000000f8f00000)
  from space 57856K, 0% used [0x00000000fc780000,0x00000000fc780000,0x0000000100000000)
  to   space 57856K, 0% used [0x00000000f8f00000,0x00000000f8f00000,0x00000000fc780000)
 ParOldGen       total 175104K, used 175093K [0x00000000e0000000, 0x00000000eab00000, 0x00000000f5580000)
  object space 175104K, 99% used [0x00000000e0000000,0x00000000eaafd5d0,0x00000000eab00000)
 Metaspace       used 96758K, capacity 102992K, committed 103384K, reserved 1138688K
  class space    used 13066K, capacity 14430K, committed 14552K, reserved 1048576K
Event: 324.453 GC heap after
Heap after GC invocations=50 (full 14):
 PSYoungGen      total 116736K, used 44577K [0x00000000f5580000, 0x0000000100000000, 0x0000000100000000)
  eden space 58880K, 75% used [0x00000000f5580000,0x00000000f8108498,0x00000000f8f00000)
  from space 57856K, 0% used [0x00000000fc780000,0x00000000fc780000,0x0000000100000000)
  to   space 57856K, 0% used [0x00000000f8f00000,0x00000000f8f00000,0x00000000fc780000)
 ParOldGen       total 175104K, used 175093K [0x00000000e0000000, 0x00000000eab00000, 0x00000000f5580000)
  object space 175104K, 99% used [0x00000000e0000000,0x00000000eaafd528,0x00000000eab00000)
 Metaspace       used 96758K, capacity 102992K, committed 103384K, reserved 1138688K
  class space    used 13066K, capacity 14430K, committed 14552K, reserved 1048576K
}
Event: 324.558 GC heap before
{Heap before GC invocations=51 (full 15):
 PSYoungGen      total 116736K, used 58880K [0x00000000f5580000, 0x0000000100000000, 0x0000000100000000)
  eden space 58880K, 100% used [0x00000000f5580000,0x00000000f8f00000,0x00000000f8f00000)
  from space 57856K, 0% used [0x00000000fc780000,0x00000000fc780000,0x0000000100000000)
  to   space 57856K, 0% used [0x00000000f8f00000,0x00000000f8f00000,0x00000000fc780000)
 ParOldGen       total 175104K, used 175093K [0x00000000e0000000, 0x00000000eab00000, 0x00000000f5580000)
  object space 175104K, 99% used [0x00000000e0000000,0x00000000eaafd528,0x00000000eab00000)
 Metaspace       used 96760K, capacity 102992K, committed 103384K, reserved 1138688K
  class space    used 13066K, capacity 14430K, committed 14552K, reserved 1048576K
Event: 325.880 GC heap after
Heap after GC invocations=51 (full 15):
 PSYoungGen      total 116736K, used 46424K [0x00000000f5580000, 0x0000000100000000, 0x0000000100000000)
  eden space 58880K, 78% used [0x00000000f5580000,0x00000000f82d6370,0x00000000f8f00000)
  from space 57856K, 0% used [0x00000000fc780000,0x00000000fc780000,0x0000000100000000)
  to   space 57856K, 0% used [0x00000000f8f00000,0x00000000f8f00000,0x00000000fc780000)
 ParOldGen       total 175104K, used 175092K [0x00000000e0000000, 0x00000000eab00000, 0x00000000f5580000)
  object space 175104K, 99% used [0x00000000e0000000,0x00000000eaafd068,0x00000000eab00000)
 Metaspace       used 96760K, capacity 102992K, committed 103384K, reserved 1138688K
  class space    used 13066K, capacity 14430K, committed 14552K, reserved 1048576K
}
Event: 325.986 GC heap before
{Heap before GC invocations=52 (full 16):
 PSYoungGen      total 116736K, used 58871K [0x00000000f5580000, 0x0000000100000000, 0x0000000100000000)
  eden space 58880K, 99% used [0x00000000f5580000,0x00000000f8efdd00,0x00000000f8f00000)
  from space 57856K, 0% used [0x00000000fc780000,0x00000000fc780000,0x0000000100000000)
  to   space 57856K, 0% used [0x00000000f8f00000,0x00000000f8f00000,0x00000000fc780000)
 ParOldGen       total 175104K, used 175092K [0x00000000e0000000, 0x00000000eab00000, 0x00000000f5580000)
  object space 175104K, 99% used [0x00000000e0000000,0x00000000eaafd068,0x00000000eab00000)
 Metaspace       used 96761K, capacity 102992K, committed 103384K, reserved 1138688K
  class space    used 13066K, capacity 14430K, committed 14552K, reserved 1048576K

Deoptimization events (10 events):
Event: 315.842 Thread 0x000000001d95a000 Uncommon trap: reason=unstable_if action=reinterpret pc=0x000000000549854c method=java.util.concurrent.ConcurrentHashMap.sumCount()J @ 30
Event: 315.842 Thread 0x000000001d95a000 Uncommon trap: reason=unstable_if action=reinterpret pc=0x0000000005492820 method=java.util.concurrent.ConcurrentHashMap.sumCount()J @ 30
Event: 315.843 Thread 0x000000001d958800 Uncommon trap: reason=unstable_if action=reinterpret pc=0x0000000005492820 method=java.util.concurrent.ConcurrentHashMap.sumCount()J @ 30
Event: 315.843 Thread 0x000000001d95a000 Uncommon trap: reason=unstable_if action=reinterpret pc=0x0000000004cd52c4 method=java.util.concurrent.ConcurrentHashMap.computeIfAbsent(Ljava/lang/Object;Ljava/util/function/Function;)Ljava/lang/Object; @ 200
Event: 315.844 Thread 0x000000001d95a000 Uncommon trap: reason=unstable_if action=reinterpret pc=0x0000000003466774 method=java.util.concurrent.ConcurrentHashMap.transfer([Ljava/util/concurrent/ConcurrentHashMap$Node;[Ljava/util/concurrent/ConcurrentHashMap$Node;)V @ 277
Event: 315.859 Thread 0x000000001d953000 Uncommon trap: reason=unstable_if action=reinterpret pc=0x0000000004bd50ec method=java.util.concurrent.ConcurrentLinkedQueue.offer(Ljava/lang/Object;)Z @ 91
Event: 318.110 Thread 0x000000001d95a000 Uncommon trap: reason=unstable_if action=reinterpret pc=0x0000000006189ae0 method=com.android.tools.r8.t.a.a.f.a(II[C)Ljava/lang/String; @ 32
Event: 318.111 Thread 0x000000001d95a000 Uncommon trap: reason=unstable_if action=reinterpret pc=0x0000000005cfcd88 method=com.android.tools.r8.graph.DexString.<init>(Ljava/lang/String;)V @ 39
Event: 318.145 Thread 0x000000001d958800 Uncommon trap: reason=unstable_if action=reinterpret pc=0x0000000006086c28 method=com.android.tools.r8.t.a.a.f.a(II[C)Ljava/lang/String; @ 32
Event: 318.145 Thread 0x000000001d958800 Uncommon trap: reason=unstable_if action=reinterpret pc=0x00000000033d8698 method=com.android.tools.r8.graph.DexString.<init>(Ljava/lang/String;)V @ 39

Classes redefined (0 events):
No events

Internal exceptions (10 events):
Event: 307.356 Thread 0x00000000187ec800 Exception <a 'java/lang/NoSuchMethodError': <clinit>> (0x00000000f6608e08) thrown at [C:\re\workspace\8-2-build-windows-amd64-cygwin\jdk8u221\13320\hotspot\src\share\vm\prims\jni.cpp, line 1614]
Event: 307.362 Thread 0x00000000187ec800 Exception <a 'java/lang/NoSuchMethodError': <clinit>> (0x00000000f6622130) thrown at [C:\re\workspace\8-2-build-windows-amd64-cygwin\jdk8u221\13320\hotspot\src\share\vm\prims\jni.cpp, line 1614]
Event: 307.362 Thread 0x00000000187ec800 Exception <a 'java/lang/NoSuchMethodError': <clinit>> (0x00000000f66263e0) thrown at [C:\re\workspace\8-2-build-windows-amd64-cygwin\jdk8u221\13320\hotspot\src\share\vm\prims\jni.cpp, line 1614]
Event: 309.113 Thread 0x000000001a95d000 Exception <a 'java/lang/NoSuchMethodError': <clinit>> (0x00000000f7bb4318) thrown at [C:\re\workspace\8-2-build-windows-amd64-cygwin\jdk8u221\13320\hotspot\src\share\vm\prims\jni.cpp, line 1614]
Event: 309.116 Thread 0x000000001a95d000 Exception <a 'java/lang/NoSuchMethodError': <clinit>> (0x00000000f7c4f548) thrown at [C:\re\workspace\8-2-build-windows-amd64-cygwin\jdk8u221\13320\hotspot\src\share\vm\prims\jni.cpp, line 1614]
Event: 309.135 Thread 0x000000001d954000 Exception <a 'java/lang/NoSuchMethodError': java.lang.Object.lambda$asRunnable$0(Lcom/android/tools/build/apkzlib/utils/IOExceptionRunnable;)V> (0x00000000f7e4ff08) thrown at [C:\re\workspace\8-2-build-windows-amd64-cygwin\jdk8u221\13320\hotspot\src\share
Event: 309.728 Thread 0x00000000187ec800 Exception <a 'java/io/FileNotFoundException'> (0x00000000f84fea88) thrown at [C:\re\workspace\8-2-build-windows-amd64-cygwin\jdk8u221\13320\hotspot\src\share\vm\prims\jni.cpp, line 710]
Event: 315.842 Thread 0x000000001d95a000 Implicit null exception at 0x0000000005497bb1 to 0x0000000005498523
Event: 315.842 Thread 0x000000001d95a000 Implicit null exception at 0x00000000054925ac to 0x00000000054927ff
Event: 315.842 Thread 0x000000001d958800 Implicit null exception at 0x00000000054925ac to 0x00000000054927ff

Events (10 events):
Event: 325.928 Thread 0x00000000143f4800 flushing nmethod 0x000000000433dc50
Event: 325.929 Thread 0x00000000143f4800 flushing nmethod 0x0000000004429bd0
Event: 325.929 Thread 0x00000000143f4800 flushing nmethod 0x000000000442f5d0
Event: 325.929 Thread 0x00000000143f4800 flushing nmethod 0x000000000442fd50
Event: 325.930 Thread 0x00000000143f4800 flushing nmethod 0x00000000044b6050
Event: 325.949 Thread 0x000000001d95a000 DEOPT PACKING pc=0x0000000005441cde sp=0x000000002657e3c0
Event: 325.949 Thread 0x000000001d95a000 DEOPT UNPACKING pc=0x0000000003007890 sp=0x000000002657e1a0 mode 0
Event: 325.969 Executing VM operation: RevokeBias
Event: 325.973 Executing VM operation: RevokeBias done
Event: 325.984 Executing VM operation: ParallelGCFailedAllocation


Dynamic libraries:
0x00007ff772ff0000 - 0x00007ff773027000 	C:\Program Files\Java\jdk1.8.0_221\bin\java.exe
0x00007ffef8320000 - 0x00007ffef84e1000 	C:\WINDOWS\SYSTEM32\ntdll.dll
0x00007ffef7920000 - 0x00007ffef79cd000 	C:\WINDOWS\system32\KERNEL32.DLL
0x00007ffef5410000 - 0x00007ffef55f8000 	C:\WINDOWS\system32\KERNELBASE.dll
0x00007ffef5ca0000 - 0x00007ffef5d47000 	C:\WINDOWS\system32\ADVAPI32.dll
0x00007ffef7880000 - 0x00007ffef791d000 	C:\WINDOWS\system32\msvcrt.dll
0x00007ffef5ac0000 - 0x00007ffef5b1b000 	C:\WINDOWS\system32\sechost.dll
0x00007ffef7430000 - 0x00007ffef754d000 	C:\WINDOWS\system32\RPCRT4.dll
0x00007ffef7720000 - 0x00007ffef7876000 	C:\WINDOWS\system32\USER32.dll
0x00007ffef5930000 - 0x00007ffef5ab7000 	C:\WINDOWS\system32\GDI32.dll
0x00007ffee6310000 - 0x00007ffee6584000 	C:\WINDOWS\WinSxS\amd64_microsoft.windows.common-controls_6595b64144ccf1df_6.0.10586.839_none_a2ddba30a539a2ae\COMCTL32.dll
0x00007ffef7ee0000 - 0x00007ffef815e000 	C:\WINDOWS\system32\combase.dll
0x00007ffef5660000 - 0x00007ffef56ca000 	C:\WINDOWS\system32\bcryptPrimitives.dll
0x00007ffef82c0000 - 0x00007ffef82fb000 	C:\WINDOWS\system32\IMM32.DLL
0x0000000074140000 - 0x0000000074212000 	C:\Program Files\Java\jdk1.8.0_221\jre\bin\msvcr100.dll
0x0000000073890000 - 0x0000000074135000 	C:\Program Files\Java\jdk1.8.0_221\jre\bin\server\jvm.dll
0x00007ffef5b80000 - 0x00007ffef5b88000 	C:\WINDOWS\system32\PSAPI.DLL
0x00007ffef1c70000 - 0x00007ffef1c79000 	C:\WINDOWS\SYSTEM32\WSOCK32.dll
0x00007ffef2b50000 - 0x00007ffef2b73000 	C:\WINDOWS\SYSTEM32\WINMM.dll
0x00007ffef7310000 - 0x00007ffef737b000 	C:\WINDOWS\system32\WS2_32.dll
0x00007ffeea6e0000 - 0x00007ffeea6ea000 	C:\WINDOWS\SYSTEM32\VERSION.dll
0x00007ffef2a20000 - 0x00007ffef2a4c000 	C:\WINDOWS\SYSTEM32\WINMMBASE.dll
0x00007ffef56d0000 - 0x00007ffef5713000 	C:\WINDOWS\system32\cfgmgr32.dll
0x00007ffef1ea0000 - 0x00007ffef1eaf000 	C:\Program Files\Java\jdk1.8.0_221\jre\bin\verify.dll
0x00007ffeec7a0000 - 0x00007ffeec7c9000 	C:\Program Files\Java\jdk1.8.0_221\jre\bin\java.dll
0x00007ffeebde0000 - 0x00007ffeebdf6000 	C:\Program Files\Java\jdk1.8.0_221\jre\bin\zip.dll
0x00007ffef5db0000 - 0x00007ffef730c000 	C:\WINDOWS\system32\SHELL32.dll
0x00007ffef49d0000 - 0x00007ffef5015000 	C:\WINDOWS\system32\windows.storage.dll
0x00007ffef58d0000 - 0x00007ffef5922000 	C:\WINDOWS\system32\shlwapi.dll
0x00007ffef4960000 - 0x00007ffef496f000 	C:\WINDOWS\system32\kernel.appcore.dll
0x00007ffef52a0000 - 0x00007ffef5355000 	C:\WINDOWS\system32\shcore.dll
0x00007ffef4980000 - 0x00007ffef49cb000 	C:\WINDOWS\system32\powrprof.dll
0x00007ffef4940000 - 0x00007ffef4954000 	C:\WINDOWS\system32\profapi.dll
0x00007ffee7400000 - 0x00007ffee741a000 	C:\Program Files\Java\jdk1.8.0_221\jre\bin\net.dll
0x00007ffee4650000 - 0x00007ffee4807000 	C:\WINDOWS\SYSTEM32\urlmon.dll
0x00007ffee8ff0000 - 0x00007ffee937a000 	C:\WINDOWS\SYSTEM32\iertutil.dll
0x00007ffef4210000 - 0x00007ffef426c000 	C:\WINDOWS\system32\mswsock.dll
0x00007ffee6f60000 - 0x00007ffee6f72000 	C:\Program Files\Java\jdk1.8.0_221\jre\bin\nio.dll
0x00007ffee6f30000 - 0x00007ffee6f56000 	C:\Users\hunza rafiq\.gradle\native\30\windows-amd64\native-platform.dll
0x00007ffeec760000 - 0x00007ffeec76d000 	C:\Program Files\Java\jdk1.8.0_221\jre\bin\management.dll
0x00007ffef42c0000 - 0x00007ffef42d7000 	C:\WINDOWS\SYSTEM32\CRYPTSP.dll
0x00007ffef3f50000 - 0x00007ffef3f84000 	C:\WINDOWS\system32\rsaenh.dll
0x00007ffef4870000 - 0x00007ffef4899000 	C:\WINDOWS\SYSTEM32\bcrypt.dll
0x00007ffef40a0000 - 0x00007ffef40bf000 	C:\WINDOWS\SYSTEM32\USERENV.dll
0x00007ffef43e0000 - 0x00007ffef43eb000 	C:\WINDOWS\SYSTEM32\CRYPTBASE.dll
0x00007ffef1140000 - 0x00007ffef1178000 	C:\WINDOWS\SYSTEM32\IPHLPAPI.DLL
0x00007ffef7ed0000 - 0x00007ffef7ed8000 	C:\WINDOWS\system32\NSI.dll
0x00007ffeefbd0000 - 0x00007ffeefbe6000 	C:\WINDOWS\SYSTEM32\dhcpcsvc6.DLL
0x00007ffeefda0000 - 0x00007ffeefdba000 	C:\WINDOWS\SYSTEM32\dhcpcsvc.DLL
0x00007ffee6d40000 - 0x00007ffee6d64000 	C:\Program Files\Java\jdk1.8.0_221\jre\bin\sunec.dll
0x00007ffef3380000 - 0x00007ffef342a000 	C:\WINDOWS\SYSTEM32\DNSAPI.dll
0x00007ffee5600000 - 0x00007ffee560a000 	C:\Windows\System32\rasadhlp.dll
0x00007ffeee970000 - 0x00007ffeee9d7000 	C:\WINDOWS\System32\fwpuclnt.dll
0x00007ffee73f0000 - 0x00007ffee73fb000 	C:\Program Files\Java\jdk1.8.0_221\jre\bin\sunmscapi.dll
0x00007ffef50d0000 - 0x00007ffef5298000 	C:\WINDOWS\system32\CRYPT32.dll
0x00007ffef4970000 - 0x00007ffef4980000 	C:\WINDOWS\system32\MSASN1.dll

VM Arguments:
jvm_args: -XX:MaxMetaspaceSize=256m -XX:+HeapDumpOnOutOfMemoryError -Xms256m -Xmx512m -Dfile.encoding=windows-1252 -Duser.country=US -Duser.language=en -Duser.variant 
java_command: org.gradle.launcher.daemon.bootstrap.GradleDaemon 6.0.1
java_class_path (initial): C:\Users\hunza rafiq\.gradle\wrapper\dists\gradle-6.0.1-all\99d3u8wxs16ndehh90lbbir67\gradle-6.0.1\lib\gradle-launcher-6.0.1.jar
Launcher Type: SUN_STANDARD

Environment Variables:
JAVA_HOME=C:\Program Files\Java\jdk1.8.0_221
CLASSPATH=E:\react-native\PracticeApp\android\\gradle\wrapper\gradle-wrapper.jar
PATH=E:\react-native\PracticeApp\android\node_modules\.bin;E:\react-native\PracticeApp\node_modules\.bin;E:\react-native\node_modules\.bin;E:\node_modules\.bin;C:\Program Files\nodejs;C:\Python27\;C:\Python27\Scripts;C:\Program Files (x86)\Intel\iCLS Client\C:\Users\hunza rafiq\Desktop\openssl;C:\Program Files\Intel\iCLS Client\;C:\WINDOWS\system32;C:\WINDOWS;C:\WINDOWS\System32\Wbem;C:\WINDOWS\System32\WindowsPowerShell\v1.0\;C:\Program Files (x86)\Intel\Intel(R) Management Engine Components\DAL;C:\Program Files\Intel\Intel(R) Management Engine Components\DAL;C:\Program Files (x86)\Intel\Intel(R) Management Engine Components\IPT;C:\Program Files\Intel\Intel(R) Management Engine Components\IPT;C:\Program Files\Git\cmd;c:\OpenSSL\;e:\100\Tools\Binn\;e:\100\DTS\Binn\;e:\100\Tools\Binn\VSShell\Common7\IDE\;C:\ProgramData\chocolatey\bin;C:\Program Files\nodejs\;E:\android\platform-tools;C:\Program Files\Java\jdk1.8.0_221;C:\Program Files\Microsoft VS Code\bin;C:\Program Files\Microsoft VS Code\bin;C:\Program Files\heroku\bin;C:\Users\hunza rafiq\Desktop\openssl;C:\Users\hunza rafiq\AppData\Roaming\npm;E:\android\platform-tools
USERNAME=hunza rafiq
OS=Windows_NT
PROCESSOR_IDENTIFIER=Intel64 Family 6 Model 61 Stepping 4, GenuineIntel



---------------  S Y S T E M  ---------------

OS: Windows 10.0 , 64 bit Build 10586 (10.0.10586.589)

CPU:total 4 (initial active 4) (2 cores per cpu, 2 threads per core) family 6 model 61 stepping 4, cmov, cx8, fxsr, mmx, sse, sse2, sse3, ssse3, sse4.1, sse4.2, popcnt, avx, avx2, aes, clmul, erms, 3dnowpref, lzcnt, ht, tsc, tscinvbit, bmi1, bmi2, adx

Memory: 4k page, physical 4107804k(846248k free), swap 4356820k(2336k free)

vm_info: Java HotSpot(TM) 64-Bit Server VM (25.221-b11) for windows-amd64 JRE (1.8.0_221-b11), built on Jul  4 2019 04:39:29 by "java_re" with MS VC++ 10.0 (VS2010)

time: Wed Jul 01 20:27:17 2020
timezone: Pakistan Standard Time
elapsed time: 326 seconds (0d 0h 5m 26s)

